<?xml version="1.0" encoding="UTF-8"?>
<coverage generated="1683177812842" clover="3.2.0">
  <project timestamp="1683177812842" name="All files">
    <metrics statements="49" coveredstatements="49" conditionals="26" coveredconditionals="24" methods="5" coveredmethods="5" elements="80" coveredelements="78" complexity="0" loc="49" ncloc="49" packages="2" files="3" classes="3"/>
    <package name="color">
      <metrics statements="23" coveredstatements="23" conditionals="5" coveredconditionals="5" methods="1" coveredmethods="1"/>
      <file name="color.ts" path="/home/do0dleman/Documents/vscode/websites/frontend/do0dleColors/src/color/color.ts">
        <metrics statements="23" coveredstatements="23" conditionals="5" coveredconditionals="5" methods="1" coveredmethods="1"/>
        <line num="2" count="1" type="stmt"/>
        <line num="3" count="1" type="stmt"/>
        <line num="8" count="1" type="stmt"/>
        <line num="9" count="3" type="stmt"/>
        <line num="10" count="3" type="stmt"/>
        <line num="11" count="3" type="stmt"/>
        <line num="17" count="3" type="stmt"/>
        <line num="19" count="3" type="cond" truecount="1" falsecount="0"/>
        <line num="21" count="3" type="cond" truecount="1" falsecount="0"/>
        <line num="23" count="3" type="cond" truecount="1" falsecount="0"/>
        <line num="24" count="1" type="stmt"/>
        <line num="25" count="1" type="stmt"/>
        <line num="26" count="1" type="stmt"/>
        <line num="27" count="1" type="stmt"/>
        <line num="29" count="3" type="cond" truecount="1" falsecount="0"/>
        <line num="30" count="1" type="stmt"/>
        <line num="31" count="1" type="stmt"/>
        <line num="32" count="1" type="stmt"/>
        <line num="34" count="3" type="cond" truecount="1" falsecount="0"/>
        <line num="35" count="1" type="stmt"/>
        <line num="36" count="1" type="stmt"/>
        <line num="37" count="1" type="stmt"/>
        <line num="38" count="1" type="stmt"/>
      </file>
    </package>
    <package name="utils">
      <metrics statements="26" coveredstatements="26" conditionals="21" coveredconditionals="19" methods="4" coveredmethods="4"/>
      <file name="hexToRgb.ts" path="/home/do0dleman/Documents/vscode/websites/frontend/do0dleColors/src/utils/hexToRgb.ts">
        <metrics statements="8" coveredstatements="8" conditionals="2" coveredconditionals="2" methods="2" coveredmethods="2"/>
        <line num="4" count="2" type="stmt"/>
        <line num="6" count="5" type="cond" truecount="1" falsecount="0"/>
        <line num="7" count="2" type="stmt"/>
        <line num="10" count="6" type="stmt"/>
        <line num="12" count="5" type="cond" truecount="1" falsecount="0"/>
        <line num="13" count="3" type="stmt"/>
        <line num="18" count="5" type="stmt"/>
        <line num="24" count="5" type="stmt"/>
      </file>
      <file name="rgbToHsl.ts" path="/home/do0dleman/Documents/vscode/websites/frontend/do0dleColors/src/utils/rgbToHsl.ts">
        <metrics statements="18" coveredstatements="18" conditionals="19" coveredconditionals="17" methods="2" coveredmethods="2"/>
        <line num="4" count="2" type="stmt"/>
        <line num="5" count="24" type="stmt"/>
        <line num="6" count="8" type="stmt"/>
        <line num="7" count="8" type="stmt"/>
        <line num="9" count="8" type="stmt"/>
        <line num="11" count="8" type="stmt"/>
        <line num="12" count="8" type="stmt"/>
        <line num="13" count="8" type="cond" truecount="3" falsecount="0"/>
        <line num="14" count="8" type="cond" truecount="3" falsecount="0"/>
        <line num="15" count="8" type="cond" truecount="3" falsecount="0"/>
        <line num="16" count="8" type="cond" truecount="3" falsecount="0"/>
        <line num="17" count="8" type="cond" truecount="2" falsecount="1"/>
        <line num="18" count="8" type="cond" truecount="2" falsecount="1"/>
        <line num="19" count="8" type="stmt"/>
        <line num="21" count="8" type="stmt"/>
        <line num="22" count="8" type="stmt"/>
        <line num="23" count="8" type="cond" truecount="1" falsecount="0"/>
        <line num="25" count="8" type="stmt"/>
      </file>
    </package>
  </project>
</coverage>
