<?xml version="1.0" encoding="UTF-8"?>
<coverage generated="1683204663724" clover="3.2.0">
  <project timestamp="1683204663724" name="All files">
    <metrics statements="62" coveredstatements="62" conditionals="30" coveredconditionals="30" methods="9" coveredmethods="9" elements="101" coveredelements="101" complexity="0" loc="62" ncloc="62" packages="2" files="4" classes="4"/>
    <package name="color">
      <metrics statements="33" coveredstatements="33" conditionals="9" coveredconditionals="9" methods="4" coveredmethods="4"/>
      <file name="color.ts" path="/home/do0dleman/Documents/vscode/websites/frontend/do0dleColors/src/color/color.ts">
        <metrics statements="33" coveredstatements="33" conditionals="9" coveredconditionals="9" methods="4" coveredmethods="4"/>
        <line num="3" count="1" type="stmt"/>
        <line num="4" count="1" type="stmt"/>
        <line num="5" count="1" type="stmt"/>
        <line num="10" count="1" type="stmt"/>
        <line num="11" count="8" type="stmt"/>
        <line num="12" count="8" type="stmt"/>
        <line num="13" count="8" type="stmt"/>
        <line num="20" count="8" type="stmt"/>
        <line num="22" count="8" type="cond" truecount="1" falsecount="0"/>
        <line num="24" count="8" type="cond" truecount="3" falsecount="0"/>
        <line num="26" count="8" type="cond" truecount="1" falsecount="0"/>
        <line num="28" count="8" type="cond" truecount="1" falsecount="0"/>
        <line num="29" count="2" type="stmt"/>
        <line num="30" count="2" type="stmt"/>
        <line num="31" count="2" type="stmt"/>
        <line num="32" count="2" type="stmt"/>
        <line num="34" count="8" type="cond" truecount="1" falsecount="0"/>
        <line num="35" count="1" type="stmt"/>
        <line num="36" count="1" type="stmt"/>
        <line num="37" count="1" type="stmt"/>
        <line num="38" count="1" type="stmt"/>
        <line num="40" count="8" type="cond" truecount="1" falsecount="0"/>
        <line num="41" count="4" type="stmt"/>
        <line num="42" count="4" type="stmt"/>
        <line num="43" count="4" type="stmt"/>
        <line num="45" count="8" type="cond" truecount="1" falsecount="0"/>
        <line num="46" count="1" type="stmt"/>
        <line num="47" count="1" type="stmt"/>
        <line num="48" count="1" type="stmt"/>
        <line num="52" count="1" type="stmt"/>
        <line num="53" count="1" type="stmt"/>
        <line num="56" count="1" type="stmt"/>
        <line num="59" count="1" type="stmt"/>
      </file>
    </package>
    <package name="utils">
      <metrics statements="29" coveredstatements="29" conditionals="21" coveredconditionals="21" methods="5" coveredmethods="5"/>
      <file name="hexToRgb.ts" path="/home/do0dleman/Documents/vscode/websites/frontend/do0dleColors/src/utils/hexToRgb.ts">
        <metrics statements="8" coveredstatements="8" conditionals="2" coveredconditionals="2" methods="2" coveredmethods="2"/>
        <line num="9" count="2" type="stmt"/>
        <line num="11" count="6" type="cond" truecount="1" falsecount="0"/>
        <line num="12" count="2" type="stmt"/>
        <line num="15" count="6" type="stmt"/>
        <line num="17" count="6" type="cond" truecount="1" falsecount="0"/>
        <line num="18" count="4" type="stmt"/>
        <line num="23" count="6" type="stmt"/>
        <line num="29" count="6" type="stmt"/>
      </file>
      <file name="rgbToHsl.ts" path="/home/do0dleman/Documents/vscode/websites/frontend/do0dleColors/src/utils/rgbToHsl.ts">
        <metrics statements="19" coveredstatements="19" conditionals="19" coveredconditionals="19" methods="2" coveredmethods="2"/>
        <line num="3" count="2" type="stmt"/>
        <line num="10" count="2" type="stmt"/>
        <line num="11" count="33" type="stmt"/>
        <line num="12" count="11" type="stmt"/>
        <line num="13" count="11" type="stmt"/>
        <line num="15" count="11" type="stmt"/>
        <line num="17" count="11" type="stmt"/>
        <line num="18" count="11" type="stmt"/>
        <line num="19" count="11" type="cond" truecount="3" falsecount="0"/>
        <line num="20" count="11" type="cond" truecount="3" falsecount="0"/>
        <line num="21" count="11" type="cond" truecount="3" falsecount="0"/>
        <line num="22" count="11" type="cond" truecount="3" falsecount="0"/>
        <line num="23" count="11" type="cond" truecount="3" falsecount="0"/>
        <line num="24" count="11" type="cond" truecount="3" falsecount="0"/>
        <line num="25" count="11" type="stmt"/>
        <line num="27" count="11" type="stmt"/>
        <line num="28" count="11" type="stmt"/>
        <line num="29" count="11" type="cond" truecount="1" falsecount="0"/>
        <line num="31" count="11" type="stmt"/>
      </file>
      <file name="round.ts" path="/home/do0dleman/Documents/vscode/websites/frontend/do0dleColors/src/utils/round.ts">
        <metrics statements="2" coveredstatements="2" conditionals="0" coveredconditionals="0" methods="1" coveredmethods="1"/>
        <line num="7" count="2" type="stmt"/>
        <line num="8" count="23" type="stmt"/>
      </file>
    </package>
  </project>
</coverage>
