{"/home/do0dleman/Documents/vscode/websites/frontend/do0dleColors/src/color/color.ts": {"path":"/home/do0dleman/Documents/vscode/websites/frontend/do0dleColors/src/color/color.ts","statementMap":{"0":{"start":{"line":3,"column":0},"end":{"line":3,"column":40}},"1":{"start":{"line":4,"column":0},"end":{"line":4,"column":40}},"2":{"start":{"line":5,"column":0},"end":{"line":5,"column":34}},"3":{"start":{"line":11,"column":4},"end":{"line":11,"column":null}},"4":{"start":{"line":12,"column":4},"end":{"line":12,"column":null}},"5":{"start":{"line":13,"column":4},"end":{"line":13,"column":null}},"6":{"start":{"line":20,"column":33},"end":{"line":20,"column":37}},"7":{"start":{"line":22,"column":8},"end":{"line":22,"column":null}},"8":{"start":{"line":22,"column":37},"end":{"line":22,"column":null}},"9":{"start":{"line":24,"column":8},"end":{"line":24,"column":null}},"10":{"start":{"line":24,"column":63},"end":{"line":24,"column":null}},"11":{"start":{"line":26,"column":8},"end":{"line":26,"column":null}},"12":{"start":{"line":26,"column":30},"end":{"line":26,"column":null}},"13":{"start":{"line":28,"column":8},"end":{"line":33,"column":null}},"14":{"start":{"line":29,"column":24},"end":{"line":29,"column":49}},"15":{"start":{"line":30,"column":12},"end":{"line":30,"column":null}},"16":{"start":{"line":31,"column":12},"end":{"line":31,"column":null}},"17":{"start":{"line":32,"column":12},"end":{"line":32,"column":null}},"18":{"start":{"line":34,"column":8},"end":{"line":39,"column":null}},"19":{"start":{"line":35,"column":24},"end":{"line":35,"column":39}},"20":{"start":{"line":36,"column":12},"end":{"line":36,"column":null}},"21":{"start":{"line":37,"column":12},"end":{"line":37,"column":null}},"22":{"start":{"line":38,"column":12},"end":{"line":38,"column":null}},"23":{"start":{"line":40,"column":8},"end":{"line":44,"column":null}},"24":{"start":{"line":41,"column":12},"end":{"line":41,"column":null}},"25":{"start":{"line":42,"column":12},"end":{"line":42,"column":null}},"26":{"start":{"line":43,"column":12},"end":{"line":43,"column":null}},"27":{"start":{"line":45,"column":8},"end":{"line":49,"column":null}},"28":{"start":{"line":46,"column":12},"end":{"line":46,"column":null}},"29":{"start":{"line":47,"column":12},"end":{"line":47,"column":null}},"30":{"start":{"line":48,"column":12},"end":{"line":48,"column":null}},"31":{"start":{"line":52,"column":30},"end":{"line":52,"column":54}},"32":{"start":{"line":53,"column":8},"end":{"line":53,"column":null}},"33":{"start":{"line":56,"column":8},"end":{"line":56,"column":null}},"34":{"start":{"line":59,"column":18},"end":{"line":59,"column":46}},"35":{"start":{"line":60,"column":8},"end":{"line":60,"column":null}},"36":{"start":{"line":60,"column":21},"end":{"line":60,"column":null}},"37":{"start":{"line":61,"column":8},"end":{"line":61,"column":null}},"38":{"start":{"line":64,"column":8},"end":{"line":64,"column":null}},"39":{"start":{"line":67,"column":8},"end":{"line":67,"column":null}},"40":{"start":{"line":10,"column":0},"end":{"line":10,"column":21}}},"fnMap":{"0":{"name":"(anonymous_1)","decl":{"start":{"line":19,"column":4},"end":{"line":19,"column":16}},"loc":{"start":{"line":19,"column":30},"end":{"line":50,"column":5}}},"1":{"name":"(anonymous_2)","decl":{"start":{"line":51,"column":4},"end":{"line":51,"column":15}},"loc":{"start":{"line":51,"column":15},"end":{"line":54,"column":5}}},"2":{"name":"(anonymous_3)","decl":{"start":{"line":55,"column":4},"end":{"line":55,"column":13}},"loc":{"start":{"line":55,"column":13},"end":{"line":57,"column":5}}},"3":{"name":"(anonymous_4)","decl":{"start":{"line":58,"column":4},"end":{"line":58,"column":10}},"loc":{"start":{"line":58,"column":23},"end":{"line":62,"column":5}}},"4":{"name":"(anonymous_5)","decl":{"start":{"line":63,"column":4},"end":{"line":63,"column":10}},"loc":{"start":{"line":63,"column":23},"end":{"line":65,"column":5}}},"5":{"name":"(anonymous_6)","decl":{"start":{"line":66,"column":4},"end":{"line":66,"column":10}},"loc":{"start":{"line":66,"column":23},"end":{"line":68,"column":5}}}},"branchMap":{"0":{"loc":{"start":{"line":22,"column":8},"end":{"line":22,"column":null}},"type":"if","locations":[{"start":{"line":22,"column":8},"end":{"line":22,"column":null}}]},"1":{"loc":{"start":{"line":24,"column":8},"end":{"line":24,"column":null}},"type":"if","locations":[{"start":{"line":24,"column":8},"end":{"line":24,"column":null}}]},"2":{"loc":{"start":{"line":24,"column":12},"end":{"line":24,"column":61}},"type":"binary-expr","locations":[{"start":{"line":24,"column":12},"end":{"line":24,"column":33}},{"start":{"line":24,"column":37},"end":{"line":24,"column":61}}]},"3":{"loc":{"start":{"line":26,"column":8},"end":{"line":26,"column":null}},"type":"if","locations":[{"start":{"line":26,"column":8},"end":{"line":26,"column":null}}]},"4":{"loc":{"start":{"line":28,"column":8},"end":{"line":33,"column":null}},"type":"if","locations":[{"start":{"line":28,"column":8},"end":{"line":33,"column":null}}]},"5":{"loc":{"start":{"line":34,"column":8},"end":{"line":39,"column":null}},"type":"if","locations":[{"start":{"line":34,"column":8},"end":{"line":39,"column":null}}]},"6":{"loc":{"start":{"line":40,"column":8},"end":{"line":44,"column":null}},"type":"if","locations":[{"start":{"line":40,"column":8},"end":{"line":44,"column":null}}]},"7":{"loc":{"start":{"line":45,"column":8},"end":{"line":49,"column":null}},"type":"if","locations":[{"start":{"line":45,"column":8},"end":{"line":49,"column":null}}]},"8":{"loc":{"start":{"line":60,"column":8},"end":{"line":60,"column":null}},"type":"if","locations":[{"start":{"line":60,"column":8},"end":{"line":60,"column":null}}]}},"s":{"0":2,"1":2,"2":2,"3":44,"4":44,"5":44,"6":44,"7":44,"8":19,"9":44,"10":1,"11":44,"12":2,"13":44,"14":2,"15":2,"16":2,"17":2,"18":44,"19":1,"20":1,"21":1,"22":1,"23":44,"24":40,"25":40,"26":40,"27":44,"28":1,"29":1,"30":1,"31":4,"32":4,"33":1,"34":1,"35":1,"36":0,"37":1,"38":1,"39":18,"40":2},"f":{"0":44,"1":4,"2":1,"3":1,"4":1,"5":18},"b":{"0":[19],"1":[1],"2":[44,3],"3":[2],"4":[2],"5":[1],"6":[40],"7":[1],"8":[0]}}
,"/home/do0dleman/Documents/vscode/websites/frontend/do0dleColors/src/genFunctions/generateColorShades.ts": {"path":"/home/do0dleman/Documents/vscode/websites/frontend/do0dleColors/src/genFunctions/generateColorShades.ts","statementMap":{"0":{"start":{"line":1,"column":0},"end":{"line":1,"column":35}},"1":{"start":{"line":12,"column":28},"end":{"line":12,"column":30}},"2":{"start":{"line":13,"column":25},"end":{"line":13,"column":48}},"3":{"start":{"line":14,"column":4},"end":{"line":14,"column":null}},"4":{"start":{"line":14,"column":28},"end":{"line":14,"column":null}},"5":{"start":{"line":16,"column":21},"end":{"line":16,"column":22}},"6":{"start":{"line":17,"column":4},"end":{"line":34,"column":null}},"7":{"start":{"line":17,"column":17},"end":{"line":17,"column":18}},"8":{"start":{"line":19,"column":20},"end":{"line":19,"column":43}},"9":{"start":{"line":20,"column":8},"end":{"line":20,"column":null}},"10":{"start":{"line":20,"column":30},"end":{"line":20,"column":null}},"11":{"start":{"line":21,"column":8},"end":{"line":21,"column":null}},"12":{"start":{"line":21,"column":28},"end":{"line":21,"column":null}},"13":{"start":{"line":23,"column":8},"end":{"line":27,"column":null}},"14":{"start":{"line":24,"column":12},"end":{"line":24,"column":null}},"15":{"start":{"line":25,"column":12},"end":{"line":25,"column":null}},"16":{"start":{"line":26,"column":12},"end":{"line":26,"column":null}},"17":{"start":{"line":29,"column":8},"end":{"line":31,"column":null}},"18":{"start":{"line":30,"column":12},"end":{"line":30,"column":null}},"19":{"start":{"line":33,"column":8},"end":{"line":33,"column":null}},"20":{"start":{"line":36,"column":4},"end":{"line":36,"column":null}},"21":{"start":{"line":36,"column":26},"end":{"line":36,"column":35}},"22":{"start":{"line":37,"column":4},"end":{"line":37,"column":null}},"23":{"start":{"line":11,"column":0},"end":{"line":11,"column":24}}},"fnMap":{"0":{"name":"generateColorShades","decl":{"start":{"line":11,"column":24},"end":{"line":11,"column":43}},"loc":{"start":{"line":11,"column":96},"end":{"line":38,"column":1}}},"1":{"name":"(anonymous_2)","decl":{"start":{"line":36,"column":16},"end":{"line":36,"column":17}},"loc":{"start":{"line":36,"column":26},"end":{"line":36,"column":35}}}},"branchMap":{"0":{"loc":{"start":{"line":14,"column":4},"end":{"line":14,"column":null}},"type":"if","locations":[{"start":{"line":14,"column":4},"end":{"line":14,"column":null}}]},"1":{"loc":{"start":{"line":20,"column":8},"end":{"line":20,"column":null}},"type":"if","locations":[{"start":{"line":20,"column":8},"end":{"line":20,"column":null}}]},"2":{"loc":{"start":{"line":21,"column":8},"end":{"line":21,"column":null}},"type":"if","locations":[{"start":{"line":21,"column":8},"end":{"line":21,"column":null}}]},"3":{"loc":{"start":{"line":23,"column":8},"end":{"line":27,"column":null}},"type":"if","locations":[{"start":{"line":23,"column":8},"end":{"line":27,"column":null}}]},"4":{"loc":{"start":{"line":29,"column":8},"end":{"line":31,"column":null}},"type":"if","locations":[{"start":{"line":29,"column":8},"end":{"line":31,"column":null}}]}},"s":{"0":1,"1":3,"2":3,"3":3,"4":0,"5":3,"6":3,"7":3,"8":15,"9":15,"10":15,"11":15,"12":0,"13":15,"14":1,"15":1,"16":1,"17":15,"18":1,"19":15,"20":3,"21":17,"22":3,"23":1},"f":{"0":3,"1":17},"b":{"0":[0],"1":[15],"2":[0],"3":[1],"4":[1]}}
,"/home/do0dleman/Documents/vscode/websites/frontend/do0dleColors/src/utils/hexToRgb.ts": {"path":"/home/do0dleman/Documents/vscode/websites/frontend/do0dleColors/src/utils/hexToRgb.ts","statementMap":{"0":{"start":{"line":11,"column":4},"end":{"line":16,"column":null}},"1":{"start":{"line":12,"column":8},"end":{"line":15,"column":null}},"2":{"start":{"line":15,"column":25},"end":{"line":15,"column":39}},"3":{"start":{"line":17,"column":4},"end":{"line":21,"column":null}},"4":{"start":{"line":18,"column":8},"end":{"line":20,"column":null}},"5":{"start":{"line":23,"column":21},"end":{"line":27,"column":null}},"6":{"start":{"line":29,"column":4},"end":{"line":29,"column":null}},"7":{"start":{"line":9,"column":0},"end":{"line":9,"column":24}}},"fnMap":{"0":{"name":"hexToRgb","decl":{"start":{"line":9,"column":24},"end":{"line":9,"column":32}},"loc":{"start":{"line":9,"column":41},"end":{"line":30,"column":1}}},"1":{"name":"(anonymous_1)","decl":{"start":{"line":15,"column":17},"end":{"line":15,"column":21}},"loc":{"start":{"line":15,"column":25},"end":{"line":15,"column":39}}}},"branchMap":{"0":{"loc":{"start":{"line":11,"column":4},"end":{"line":16,"column":null}},"type":"if","locations":[{"start":{"line":11,"column":4},"end":{"line":16,"column":null}}]},"1":{"loc":{"start":{"line":17,"column":4},"end":{"line":21,"column":null}},"type":"if","locations":[{"start":{"line":17,"column":4},"end":{"line":21,"column":null}}]}},"s":{"0":6,"1":2,"2":6,"3":6,"4":4,"5":6,"6":6,"7":3},"f":{"0":6,"1":6},"b":{"0":[2],"1":[4]}}
,"/home/do0dleman/Documents/vscode/websites/frontend/do0dleColors/src/utils/rgbToHsl.ts": {"path":"/home/do0dleman/Documents/vscode/websites/frontend/do0dleColors/src/utils/rgbToHsl.ts","statementMap":{"0":{"start":{"line":3,"column":0},"end":{"line":3,"column":28}},"1":{"start":{"line":11,"column":26},"end":{"line":11,"column":51}},"2":{"start":{"line":11,"column":41},"end":{"line":11,"column":50}},"3":{"start":{"line":12,"column":16},"end":{"line":12,"column":42}},"4":{"start":{"line":13,"column":16},"end":{"line":13,"column":42}},"5":{"start":{"line":15,"column":14},"end":{"line":15,"column":51}},"6":{"start":{"line":17,"column":14},"end":{"line":17,"column":15}},"7":{"start":{"line":18,"column":22},"end":{"line":18,"column":35}},"8":{"start":{"line":19,"column":4},"end":{"line":19,"column":null}},"9":{"start":{"line":19,"column":25},"end":{"line":19,"column":null}},"10":{"start":{"line":20,"column":4},"end":{"line":20,"column":null}},"11":{"start":{"line":20,"column":25},"end":{"line":20,"column":null}},"12":{"start":{"line":21,"column":4},"end":{"line":21,"column":null}},"13":{"start":{"line":21,"column":25},"end":{"line":21,"column":null}},"14":{"start":{"line":22,"column":4},"end":{"line":22,"column":null}},"15":{"start":{"line":22,"column":24},"end":{"line":22,"column":null}},"16":{"start":{"line":23,"column":4},"end":{"line":23,"column":null}},"17":{"start":{"line":23,"column":25},"end":{"line":23,"column":null}},"18":{"start":{"line":24,"column":4},"end":{"line":24,"column":null}},"19":{"start":{"line":24,"column":25},"end":{"line":24,"column":null}},"20":{"start":{"line":25,"column":4},"end":{"line":25,"column":null}},"21":{"start":{"line":27,"column":12},"end":{"line":27,"column":51}},"22":{"start":{"line":28,"column":4},"end":{"line":28,"column":null}},"23":{"start":{"line":29,"column":4},"end":{"line":29,"column":null}},"24":{"start":{"line":29,"column":17},"end":{"line":29,"column":null}},"25":{"start":{"line":31,"column":4},"end":{"line":31,"column":null}},"26":{"start":{"line":10,"column":0},"end":{"line":10,"column":24}}},"fnMap":{"0":{"name":"rgbToHsl","decl":{"start":{"line":10,"column":24},"end":{"line":10,"column":32}},"loc":{"start":{"line":10,"column":41},"end":{"line":32,"column":1}}},"1":{"name":"(anonymous_2)","decl":{"start":{"line":11,"column":34},"end":{"line":11,"column":37}},"loc":{"start":{"line":11,"column":41},"end":{"line":11,"column":50}}}},"branchMap":{"0":{"loc":{"start":{"line":19,"column":4},"end":{"line":19,"column":null}},"type":"if","locations":[{"start":{"line":19,"column":4},"end":{"line":19,"column":null}}]},"1":{"loc":{"start":{"line":19,"column":8},"end":{"line":19,"column":23}},"type":"binary-expr","locations":[{"start":{"line":19,"column":8},"end":{"line":19,"column":13}},{"start":{"line":19,"column":17},"end":{"line":19,"column":23}}]},"2":{"loc":{"start":{"line":20,"column":4},"end":{"line":20,"column":null}},"type":"if","locations":[{"start":{"line":20,"column":4},"end":{"line":20,"column":null}}]},"3":{"loc":{"start":{"line":20,"column":8},"end":{"line":20,"column":23}},"type":"binary-expr","locations":[{"start":{"line":20,"column":8},"end":{"line":20,"column":13}},{"start":{"line":20,"column":17},"end":{"line":20,"column":23}}]},"4":{"loc":{"start":{"line":21,"column":4},"end":{"line":21,"column":null}},"type":"if","locations":[{"start":{"line":21,"column":4},"end":{"line":21,"column":null}}]},"5":{"loc":{"start":{"line":21,"column":8},"end":{"line":21,"column":23}},"type":"binary-expr","locations":[{"start":{"line":21,"column":8},"end":{"line":21,"column":14}},{"start":{"line":21,"column":18},"end":{"line":21,"column":23}}]},"6":{"loc":{"start":{"line":22,"column":4},"end":{"line":22,"column":null}},"type":"if","locations":[{"start":{"line":22,"column":4},"end":{"line":22,"column":null}}]},"7":{"loc":{"start":{"line":22,"column":8},"end":{"line":22,"column":22}},"type":"binary-expr","locations":[{"start":{"line":22,"column":8},"end":{"line":22,"column":13}},{"start":{"line":22,"column":17},"end":{"line":22,"column":22}}]},"8":{"loc":{"start":{"line":23,"column":4},"end":{"line":23,"column":null}},"type":"if","locations":[{"start":{"line":23,"column":4},"end":{"line":23,"column":null}}]},"9":{"loc":{"start":{"line":23,"column":8},"end":{"line":23,"column":23}},"type":"binary-expr","locations":[{"start":{"line":23,"column":8},"end":{"line":23,"column":13}},{"start":{"line":23,"column":17},"end":{"line":23,"column":23}}]},"10":{"loc":{"start":{"line":24,"column":4},"end":{"line":24,"column":null}},"type":"if","locations":[{"start":{"line":24,"column":4},"end":{"line":24,"column":null}}]},"11":{"loc":{"start":{"line":24,"column":8},"end":{"line":24,"column":23}},"type":"binary-expr","locations":[{"start":{"line":24,"column":8},"end":{"line":24,"column":14}},{"start":{"line":24,"column":18},"end":{"line":24,"column":23}}]},"12":{"loc":{"start":{"line":29,"column":4},"end":{"line":29,"column":null}},"type":"if","locations":[{"start":{"line":29,"column":4},"end":{"line":29,"column":null}}]}},"s":{"0":3,"1":11,"2":33,"3":11,"4":11,"5":11,"6":11,"7":11,"8":11,"9":3,"10":11,"11":2,"12":11,"13":2,"14":11,"15":1,"16":11,"17":1,"18":11,"19":1,"20":11,"21":11,"22":11,"23":11,"24":1,"25":11,"26":3},"f":{"0":11,"1":33},"b":{"0":[3],"1":[11,5],"2":[2],"3":[11,5],"4":[2],"5":[11,8],"6":[1],"7":[11,3],"8":[1],"9":[11,4],"10":[1],"11":[11,7],"12":[1]}}
,"/home/do0dleman/Documents/vscode/websites/frontend/do0dleColors/src/utils/round.ts": {"path":"/home/do0dleman/Documents/vscode/websites/frontend/do0dleColors/src/utils/round.ts","statementMap":{"0":{"start":{"line":8,"column":4},"end":{"line":8,"column":null}},"1":{"start":{"line":7,"column":0},"end":{"line":7,"column":24}}},"fnMap":{"0":{"name":"round","decl":{"start":{"line":7,"column":24},"end":{"line":7,"column":29}},"loc":{"start":{"line":7,"column":44},"end":{"line":9,"column":1}}}},"branchMap":{},"s":{"0":42,"1":3},"f":{"0":42},"b":{}}
}
