TN:
SF:src/color/color.ts
FN:19,(anonymous_1)
FN:51,(anonymous_2)
FN:55,(anonymous_3)
FN:58,(anonymous_4)
FN:63,(anonymous_5)
FN:66,(anonymous_6)
FNF:6
FNH:6
FNDA:44,(anonymous_1)
FNDA:4,(anonymous_2)
FNDA:1,(anonymous_3)
FNDA:1,(anonymous_4)
FNDA:1,(anonymous_5)
FNDA:18,(anonymous_6)
DA:3,2
DA:4,2
DA:5,2
DA:10,2
DA:11,44
DA:12,44
DA:13,44
DA:20,44
DA:22,44
DA:24,44
DA:26,44
DA:28,44
DA:29,2
DA:30,2
DA:31,2
DA:32,2
DA:34,44
DA:35,1
DA:36,1
DA:37,1
DA:38,1
DA:40,44
DA:41,40
DA:42,40
DA:43,40
DA:45,44
DA:46,1
DA:47,1
DA:48,1
DA:52,4
DA:53,4
DA:56,1
DA:59,1
DA:60,1
DA:61,1
DA:64,1
DA:67,18
LF:37
LH:37
BRDA:22,0,0,19
BRDA:24,1,0,1
BRDA:24,2,0,44
BRDA:24,2,1,3
BRDA:26,3,0,2
BRDA:28,4,0,2
BRDA:34,5,0,1
BRDA:40,6,0,40
BRDA:45,7,0,1
BRDA:60,8,0,0
BRF:10
BRH:9
end_of_record
TN:
SF:src/genFunctions/generateColorShades.ts
FN:11,generateColorShades
FN:36,(anonymous_2)
FNF:2
FNH:2
FNDA:3,generateColorShades
FNDA:17,(anonymous_2)
DA:1,1
DA:11,1
DA:12,3
DA:13,3
DA:14,3
DA:16,3
DA:17,3
DA:19,15
DA:20,15
DA:21,15
DA:23,15
DA:24,1
DA:25,1
DA:26,1
DA:29,15
DA:30,1
DA:33,15
DA:36,17
DA:37,3
LF:19
LH:19
BRDA:14,0,0,0
BRDA:20,1,0,15
BRDA:21,2,0,0
BRDA:23,3,0,1
BRDA:29,4,0,1
BRF:5
BRH:3
end_of_record
TN:
SF:src/utils/hexToRgb.ts
FN:9,hexToRgb
FN:15,(anonymous_1)
FNF:2
FNH:2
FNDA:6,hexToRgb
FNDA:6,(anonymous_1)
DA:9,3
DA:11,6
DA:12,2
DA:15,6
DA:17,6
DA:18,4
DA:23,6
DA:29,6
LF:8
LH:8
BRDA:11,0,0,2
BRDA:17,1,0,4
BRF:2
BRH:2
end_of_record
TN:
SF:src/utils/rgbToHsl.ts
FN:10,rgbToHsl
FN:11,(anonymous_2)
FNF:2
FNH:2
FNDA:11,rgbToHsl
FNDA:33,(anonymous_2)
DA:3,3
DA:10,3
DA:11,33
DA:12,11
DA:13,11
DA:15,11
DA:17,11
DA:18,11
DA:19,11
DA:20,11
DA:21,11
DA:22,11
DA:23,11
DA:24,11
DA:25,11
DA:27,11
DA:28,11
DA:29,11
DA:31,11
LF:19
LH:19
BRDA:19,0,0,3
BRDA:19,1,0,11
BRDA:19,1,1,5
BRDA:20,2,0,2
BRDA:20,3,0,11
BRDA:20,3,1,5
BRDA:21,4,0,2
BRDA:21,5,0,11
BRDA:21,5,1,8
BRDA:22,6,0,1
BRDA:22,7,0,11
BRDA:22,7,1,3
BRDA:23,8,0,1
BRDA:23,9,0,11
BRDA:23,9,1,4
BRDA:24,10,0,1
BRDA:24,11,0,11
BRDA:24,11,1,7
BRDA:29,12,0,1
BRF:19
BRH:19
end_of_record
TN:
SF:src/utils/round.ts
FN:7,round
FNF:1
FNH:1
FNDA:42,round
DA:7,3
DA:8,42
LF:2
LH:2
BRF:0
BRH:0
end_of_record
