TN:
SF:src/color/color.ts
FN:19,(anonymous_1)
FN:51,(anonymous_2)
FN:55,(anonymous_3)
FNF:3
FNH:3
FNDA:7,(anonymous_1)
FNDA:1,(anonymous_2)
FNDA:1,(anonymous_3)
DA:3,1
DA:4,1
DA:5,1
DA:10,1
DA:11,7
DA:12,7
DA:13,7
DA:20,7
DA:22,7
DA:24,7
DA:26,7
DA:28,7
DA:29,2
DA:30,2
DA:31,2
DA:32,2
DA:34,7
DA:35,1
DA:36,1
DA:37,1
DA:38,1
DA:40,7
DA:41,3
DA:42,3
DA:43,3
DA:45,7
DA:46,1
DA:47,1
DA:48,1
DA:52,1
DA:53,1
DA:56,1
LF:32
LH:32
BRDA:22,0,0,3
BRDA:24,1,0,1
BRDA:24,2,0,7
BRDA:24,2,1,3
BRDA:26,3,0,2
BRDA:28,4,0,2
BRDA:34,5,0,1
BRDA:40,6,0,3
BRDA:45,7,0,1
BRF:9
BRH:9
end_of_record
TN:
SF:src/utils/hexToRgb.ts
FN:9,hexToRgb
FN:15,(anonymous_1)
FNF:2
FNH:2
FNDA:6,hexToRgb
FNDA:6,(anonymous_1)
DA:9,2
DA:11,6
DA:12,2
DA:15,6
DA:17,6
DA:18,4
DA:23,6
DA:29,6
LF:8
LH:8
BRDA:11,0,0,2
BRDA:17,1,0,4
BRF:2
BRH:2
end_of_record
TN:
SF:src/utils/rgbToHsl.ts
FN:10,rgbToHsl
FN:11,(anonymous_2)
FNF:2
FNH:2
FNDA:9,rgbToHsl
FNDA:27,(anonymous_2)
DA:3,2
DA:10,2
DA:11,27
DA:12,9
DA:13,9
DA:15,9
DA:17,9
DA:18,9
DA:19,9
DA:20,9
DA:21,9
DA:22,9
DA:23,9
DA:24,9
DA:25,9
DA:27,9
DA:28,9
DA:29,9
DA:31,9
LF:19
LH:19
BRDA:19,0,0,3
BRDA:19,1,0,9
BRDA:19,1,1,3
BRDA:20,2,0,2
BRDA:20,3,0,9
BRDA:20,3,1,5
BRDA:21,4,0,2
BRDA:21,5,0,9
BRDA:21,5,1,8
BRDA:22,6,0,1
BRDA:22,7,0,9
BRDA:22,7,1,1
BRDA:23,8,0,0
BRDA:23,9,0,9
BRDA:23,9,1,3
BRDA:24,10,0,0
BRDA:24,11,0,9
BRDA:24,11,1,6
BRDA:29,12,0,1
BRF:19
BRH:17
end_of_record
TN:
SF:src/utils/round.ts
FN:7,round
FNF:1
FNH:1
FNDA:19,round
DA:7,2
DA:8,19
LF:2
LH:2
BRF:0
BRH:0
end_of_record
